<?xml version="1.0" encoding="UTF-8"?>
<testng-results skipped="0" failed="0" ignored="0" total="1" passed="1">
  <reporter-output>
  </reporter-output>
  <suite name="Surefire suite" duration-ms="51" started-at="2021-08-17T23:32:04 CAT" finished-at="2021-08-17T23:32:04 CAT">
    <groups>
    </groups>
    <test name="Surefire test" duration-ms="51" started-at="2021-08-17T23:32:04 CAT" finished-at="2021-08-17T23:32:04 CAT">
      <class name="Cucumber.AppTest">
        <test-method status="PASS" signature="shouldAnswerWithTrue()" name="shouldAnswerWithTrue" duration-ms="7" started-at="2021-08-17T23:32:04 CAT" finished-at="2021-08-17T23:32:04 CAT">
          <reporter-output>
          </reporter-output>
        </test-method> <!-- shouldAnswerWithTrue -->
      </class> <!-- Cucumber.AppTest -->
    </test> <!-- Surefire test -->
  </suite> <!-- Surefire suite -->
</testng-results>
